The system is: Linux - 2.6.32-431.29.2.el6.x86_64 - x86_64
Compiling the C compiler identification source file "CMakeCCompilerId.c" succeeded.
Compiler: /scratch/stephenchen/gcc474/bin/gcc 
Build flags: 
Id flags: 

The output was:
0


Compilation of the C compiler identification source "CMakeCCompilerId.c" produced "a.out"

The C compiler identification is GNU, found in "/share/project/shapes/caffe-weighted-samples/CMakeFiles/3.0.2/CompilerIdC/a.out"

Compiling the CXX compiler identification source file "CMakeCXXCompilerId.cpp" succeeded.
Compiler: /scratch/stephenchen/gcc474/bin/g++ 
Build flags: 
Id flags: 

The output was:
0


Compilation of the CXX compiler identification source "CMakeCXXCompilerId.cpp" produced "a.out"

The CXX compiler identification is GNU, found in "/share/project/shapes/caffe-weighted-samples/CMakeFiles/3.0.2/CompilerIdCXX/a.out"

Determining if the C compiler works passed with the following output:
Change Dir: /share/project/shapes/caffe-weighted-samples/CMakeFiles/CMakeTmp

Run Build Command:"/usr/bin/gmake" "cmTryCompileExec1339024648/fast"
/usr/bin/gmake -f CMakeFiles/cmTryCompileExec1339024648.dir/build.make CMakeFiles/cmTryCompileExec1339024648.dir/build
gmake[1]: Entering directory `/share/project/shapes/caffe-weighted-samples/CMakeFiles/CMakeTmp'
/usr/local/bin/cmake -E cmake_progress_report /share/project/shapes/caffe-weighted-samples/CMakeFiles/CMakeTmp/CMakeFiles 1
Building C object CMakeFiles/cmTryCompileExec1339024648.dir/testCCompiler.c.o
/scratch/stephenchen/gcc474/bin/gcc    -o CMakeFiles/cmTryCompileExec1339024648.dir/testCCompiler.c.o   -c /share/project/shapes/caffe-weighted-samples/CMakeFiles/CMakeTmp/testCCompiler.c
Linking C executable cmTryCompileExec1339024648
/usr/local/bin/cmake -E cmake_link_script CMakeFiles/cmTryCompileExec1339024648.dir/link.txt --verbose=1
/scratch/stephenchen/gcc474/bin/gcc       CMakeFiles/cmTryCompileExec1339024648.dir/testCCompiler.c.o  -o cmTryCompileExec1339024648 -rdynamic 
gmake[1]: Leaving directory `/share/project/shapes/caffe-weighted-samples/CMakeFiles/CMakeTmp'


Detecting C compiler ABI info compiled with the following output:
Change Dir: /share/project/shapes/caffe-weighted-samples/CMakeFiles/CMakeTmp

Run Build Command:"/usr/bin/gmake" "cmTryCompileExec1363990588/fast"
/usr/bin/gmake -f CMakeFiles/cmTryCompileExec1363990588.dir/build.make CMakeFiles/cmTryCompileExec1363990588.dir/build
gmake[1]: Entering directory `/share/project/shapes/caffe-weighted-samples/CMakeFiles/CMakeTmp'
/usr/local/bin/cmake -E cmake_progress_report /share/project/shapes/caffe-weighted-samples/CMakeFiles/CMakeTmp/CMakeFiles 1
Building C object CMakeFiles/cmTryCompileExec1363990588.dir/CMakeCCompilerABI.c.o
/scratch/stephenchen/gcc474/bin/gcc    -o CMakeFiles/cmTryCompileExec1363990588.dir/CMakeCCompilerABI.c.o   -c /usr/local/share/cmake-3.0/Modules/CMakeCCompilerABI.c
Linking C executable cmTryCompileExec1363990588
/usr/local/bin/cmake -E cmake_link_script CMakeFiles/cmTryCompileExec1363990588.dir/link.txt --verbose=1
/scratch/stephenchen/gcc474/bin/gcc     -v CMakeFiles/cmTryCompileExec1363990588.dir/CMakeCCompilerABI.c.o  -o cmTryCompileExec1363990588 -rdynamic  
Using built-in specs.
COLLECT_GCC=/scratch/stephenchen/gcc474/bin/gcc
COLLECT_LTO_WRAPPER=/scratch/stephenchen/gcc474/libexec/gcc/x86_64-unknown-linux-gnu/4.7.4/lto-wrapper
Target: x86_64-unknown-linux-gnu
Configured with: ../gcc-4.7.4/configure --prefix=/scratch/stephenchen/gcc474
Thread model: posix
gcc version 4.7.4 (GCC) 
COMPILER_PATH=/scratch/stephenchen/gcc474/libexec/gcc/x86_64-unknown-linux-gnu/4.7.4/:/scratch/stephenchen/gcc474/libexec/gcc/x86_64-unknown-linux-gnu/4.7.4/:/scratch/stephenchen/gcc474/libexec/gcc/x86_64-unknown-linux-gnu/:/scratch/stephenchen/gcc474/lib/gcc/x86_64-unknown-linux-gnu/4.7.4/:/scratch/stephenchen/gcc474/lib/gcc/x86_64-unknown-linux-gnu/
LIBRARY_PATH=/scratch/stephenchen/gcc474/lib/gcc/x86_64-unknown-linux-gnu/4.7.4/:/scratch/stephenchen/gcc474/lib/gcc/x86_64-unknown-linux-gnu/4.7.4/../../../../lib64/:/lib/../lib64/:/usr/lib/../lib64/:/scratch/stephenchen/gcc474/lib/gcc/x86_64-unknown-linux-gnu/4.7.4/../../../:/lib/:/usr/lib/
COLLECT_GCC_OPTIONS='-v' '-o' 'cmTryCompileExec1363990588' '-rdynamic' '-mtune=generic' '-march=x86-64'
 /scratch/stephenchen/gcc474/libexec/gcc/x86_64-unknown-linux-gnu/4.7.4/collect2 --eh-frame-hdr -m elf_x86_64 -export-dynamic -dynamic-linker /lib64/ld-linux-x86-64.so.2 -o cmTryCompileExec1363990588 /usr/lib/../lib64/crt1.o /usr/lib/../lib64/crti.o /scratch/stephenchen/gcc474/lib/gcc/x86_64-unknown-linux-gnu/4.7.4/crtbegin.o -L/scratch/stephenchen/gcc474/lib/gcc/x86_64-unknown-linux-gnu/4.7.4 -L/scratch/stephenchen/gcc474/lib/gcc/x86_64-unknown-linux-gnu/4.7.4/../../../../lib64 -L/lib/../lib64 -L/usr/lib/../lib64 -L/scratch/stephenchen/gcc474/lib/gcc/x86_64-unknown-linux-gnu/4.7.4/../../.. CMakeFiles/cmTryCompileExec1363990588.dir/CMakeCCompilerABI.c.o -lgcc --as-needed -lgcc_s --no-as-needed -lc -lgcc --as-needed -lgcc_s --no-as-needed /scratch/stephenchen/gcc474/lib/gcc/x86_64-unknown-linux-gnu/4.7.4/crtend.o /usr/lib/../lib64/crtn.o
gmake[1]: Leaving directory `/share/project/shapes/caffe-weighted-samples/CMakeFiles/CMakeTmp'


Parsed C implicit link information from above output:
  link line regex: [^( *|.*[/\])(ld|([^/\]+-)?ld|collect2)[^/\]*( |$)]
  ignore line: [Change Dir: /share/project/shapes/caffe-weighted-samples/CMakeFiles/CMakeTmp]
  ignore line: []
  ignore line: [Run Build Command:"/usr/bin/gmake" "cmTryCompileExec1363990588/fast"]
  ignore line: [/usr/bin/gmake -f CMakeFiles/cmTryCompileExec1363990588.dir/build.make CMakeFiles/cmTryCompileExec1363990588.dir/build]
  ignore line: [gmake[1]: Entering directory `/share/project/shapes/caffe-weighted-samples/CMakeFiles/CMakeTmp']
  ignore line: [/usr/local/bin/cmake -E cmake_progress_report /share/project/shapes/caffe-weighted-samples/CMakeFiles/CMakeTmp/CMakeFiles 1]
  ignore line: [Building C object CMakeFiles/cmTryCompileExec1363990588.dir/CMakeCCompilerABI.c.o]
  ignore line: [/scratch/stephenchen/gcc474/bin/gcc    -o CMakeFiles/cmTryCompileExec1363990588.dir/CMakeCCompilerABI.c.o   -c /usr/local/share/cmake-3.0/Modules/CMakeCCompilerABI.c]
  ignore line: [Linking C executable cmTryCompileExec1363990588]
  ignore line: [/usr/local/bin/cmake -E cmake_link_script CMakeFiles/cmTryCompileExec1363990588.dir/link.txt --verbose=1]
  ignore line: [/scratch/stephenchen/gcc474/bin/gcc     -v CMakeFiles/cmTryCompileExec1363990588.dir/CMakeCCompilerABI.c.o  -o cmTryCompileExec1363990588 -rdynamic  ]
  ignore line: [Using built-in specs.]
  ignore line: [COLLECT_GCC=/scratch/stephenchen/gcc474/bin/gcc]
  ignore line: [COLLECT_LTO_WRAPPER=/scratch/stephenchen/gcc474/libexec/gcc/x86_64-unknown-linux-gnu/4.7.4/lto-wrapper]
  ignore line: [Target: x86_64-unknown-linux-gnu]
  ignore line: [Configured with: ../gcc-4.7.4/configure --prefix=/scratch/stephenchen/gcc474]
  ignore line: [Thread model: posix]
  ignore line: [gcc version 4.7.4 (GCC) ]
  ignore line: [COMPILER_PATH=/scratch/stephenchen/gcc474/libexec/gcc/x86_64-unknown-linux-gnu/4.7.4/:/scratch/stephenchen/gcc474/libexec/gcc/x86_64-unknown-linux-gnu/4.7.4/:/scratch/stephenchen/gcc474/libexec/gcc/x86_64-unknown-linux-gnu/:/scratch/stephenchen/gcc474/lib/gcc/x86_64-unknown-linux-gnu/4.7.4/:/scratch/stephenchen/gcc474/lib/gcc/x86_64-unknown-linux-gnu/]
  ignore line: [LIBRARY_PATH=/scratch/stephenchen/gcc474/lib/gcc/x86_64-unknown-linux-gnu/4.7.4/:/scratch/stephenchen/gcc474/lib/gcc/x86_64-unknown-linux-gnu/4.7.4/../../../../lib64/:/lib/../lib64/:/usr/lib/../lib64/:/scratch/stephenchen/gcc474/lib/gcc/x86_64-unknown-linux-gnu/4.7.4/../../../:/lib/:/usr/lib/]
  ignore line: [COLLECT_GCC_OPTIONS='-v' '-o' 'cmTryCompileExec1363990588' '-rdynamic' '-mtune=generic' '-march=x86-64']
  link line: [ /scratch/stephenchen/gcc474/libexec/gcc/x86_64-unknown-linux-gnu/4.7.4/collect2 --eh-frame-hdr -m elf_x86_64 -export-dynamic -dynamic-linker /lib64/ld-linux-x86-64.so.2 -o cmTryCompileExec1363990588 /usr/lib/../lib64/crt1.o /usr/lib/../lib64/crti.o /scratch/stephenchen/gcc474/lib/gcc/x86_64-unknown-linux-gnu/4.7.4/crtbegin.o -L/scratch/stephenchen/gcc474/lib/gcc/x86_64-unknown-linux-gnu/4.7.4 -L/scratch/stephenchen/gcc474/lib/gcc/x86_64-unknown-linux-gnu/4.7.4/../../../../lib64 -L/lib/../lib64 -L/usr/lib/../lib64 -L/scratch/stephenchen/gcc474/lib/gcc/x86_64-unknown-linux-gnu/4.7.4/../../.. CMakeFiles/cmTryCompileExec1363990588.dir/CMakeCCompilerABI.c.o -lgcc --as-needed -lgcc_s --no-as-needed -lc -lgcc --as-needed -lgcc_s --no-as-needed /scratch/stephenchen/gcc474/lib/gcc/x86_64-unknown-linux-gnu/4.7.4/crtend.o /usr/lib/../lib64/crtn.o]
    arg [/scratch/stephenchen/gcc474/libexec/gcc/x86_64-unknown-linux-gnu/4.7.4/collect2] ==> ignore
    arg [--eh-frame-hdr] ==> ignore
    arg [-m] ==> ignore
    arg [elf_x86_64] ==> ignore
    arg [-export-dynamic] ==> ignore
    arg [-dynamic-linker] ==> ignore
    arg [/lib64/ld-linux-x86-64.so.2] ==> ignore
    arg [-o] ==> ignore
    arg [cmTryCompileExec1363990588] ==> ignore
    arg [/usr/lib/../lib64/crt1.o] ==> ignore
    arg [/usr/lib/../lib64/crti.o] ==> ignore
    arg [/scratch/stephenchen/gcc474/lib/gcc/x86_64-unknown-linux-gnu/4.7.4/crtbegin.o] ==> ignore
    arg [-L/scratch/stephenchen/gcc474/lib/gcc/x86_64-unknown-linux-gnu/4.7.4] ==> dir [/scratch/stephenchen/gcc474/lib/gcc/x86_64-unknown-linux-gnu/4.7.4]
    arg [-L/scratch/stephenchen/gcc474/lib/gcc/x86_64-unknown-linux-gnu/4.7.4/../../../../lib64] ==> dir [/scratch/stephenchen/gcc474/lib/gcc/x86_64-unknown-linux-gnu/4.7.4/../../../../lib64]
    arg [-L/lib/../lib64] ==> dir [/lib/../lib64]
    arg [-L/usr/lib/../lib64] ==> dir [/usr/lib/../lib64]
    arg [-L/scratch/stephenchen/gcc474/lib/gcc/x86_64-unknown-linux-gnu/4.7.4/../../..] ==> dir [/scratch/stephenchen/gcc474/lib/gcc/x86_64-unknown-linux-gnu/4.7.4/../../..]
    arg [CMakeFiles/cmTryCompileExec1363990588.dir/CMakeCCompilerABI.c.o] ==> ignore
    arg [-lgcc] ==> lib [gcc]
    arg [--as-needed] ==> ignore
    arg [-lgcc_s] ==> lib [gcc_s]
    arg [--no-as-needed] ==> ignore
    arg [-lc] ==> lib [c]
    arg [-lgcc] ==> lib [gcc]
    arg [--as-needed] ==> ignore
    arg [-lgcc_s] ==> lib [gcc_s]
    arg [--no-as-needed] ==> ignore
    arg [/scratch/stephenchen/gcc474/lib/gcc/x86_64-unknown-linux-gnu/4.7.4/crtend.o] ==> ignore
    arg [/usr/lib/../lib64/crtn.o] ==> ignore
  remove lib [gcc]
  remove lib [gcc_s]
  remove lib [gcc]
  remove lib [gcc_s]
  collapse library dir [/scratch/stephenchen/gcc474/lib/gcc/x86_64-unknown-linux-gnu/4.7.4] ==> [/scratch/stephenchen/gcc474/lib/gcc/x86_64-unknown-linux-gnu/4.7.4]
  collapse library dir [/scratch/stephenchen/gcc474/lib/gcc/x86_64-unknown-linux-gnu/4.7.4/../../../../lib64] ==> [/scratch/stephenchen/gcc474/lib64]
  collapse library dir [/lib/../lib64] ==> [/lib64]
  collapse library dir [/usr/lib/../lib64] ==> [/usr/lib64]
  collapse library dir [/scratch/stephenchen/gcc474/lib/gcc/x86_64-unknown-linux-gnu/4.7.4/../../..] ==> [/scratch/stephenchen/gcc474/lib]
  implicit libs: [c]
  implicit dirs: [/scratch/stephenchen/gcc474/lib/gcc/x86_64-unknown-linux-gnu/4.7.4;/scratch/stephenchen/gcc474/lib64;/lib64;/usr/lib64;/scratch/stephenchen/gcc474/lib]
  implicit fwks: []


Determining if the CXX compiler works passed with the following output:
Change Dir: /share/project/shapes/caffe-weighted-samples/CMakeFiles/CMakeTmp

Run Build Command:"/usr/bin/gmake" "cmTryCompileExec49652892/fast"
/usr/bin/gmake -f CMakeFiles/cmTryCompileExec49652892.dir/build.make CMakeFiles/cmTryCompileExec49652892.dir/build
gmake[1]: Entering directory `/share/project/shapes/caffe-weighted-samples/CMakeFiles/CMakeTmp'
/usr/local/bin/cmake -E cmake_progress_report /share/project/shapes/caffe-weighted-samples/CMakeFiles/CMakeTmp/CMakeFiles 1
Building CXX object CMakeFiles/cmTryCompileExec49652892.dir/testCXXCompiler.cxx.o
/scratch/stephenchen/gcc474/bin/g++     -o CMakeFiles/cmTryCompileExec49652892.dir/testCXXCompiler.cxx.o -c /share/project/shapes/caffe-weighted-samples/CMakeFiles/CMakeTmp/testCXXCompiler.cxx
Linking CXX executable cmTryCompileExec49652892
/usr/local/bin/cmake -E cmake_link_script CMakeFiles/cmTryCompileExec49652892.dir/link.txt --verbose=1
/scratch/stephenchen/gcc474/bin/g++        CMakeFiles/cmTryCompileExec49652892.dir/testCXXCompiler.cxx.o  -o cmTryCompileExec49652892 -rdynamic 
gmake[1]: Leaving directory `/share/project/shapes/caffe-weighted-samples/CMakeFiles/CMakeTmp'


Detecting CXX compiler ABI info compiled with the following output:
Change Dir: /share/project/shapes/caffe-weighted-samples/CMakeFiles/CMakeTmp

Run Build Command:"/usr/bin/gmake" "cmTryCompileExec2591958703/fast"
/usr/bin/gmake -f CMakeFiles/cmTryCompileExec2591958703.dir/build.make CMakeFiles/cmTryCompileExec2591958703.dir/build
gmake[1]: Entering directory `/share/project/shapes/caffe-weighted-samples/CMakeFiles/CMakeTmp'
/usr/local/bin/cmake -E cmake_progress_report /share/project/shapes/caffe-weighted-samples/CMakeFiles/CMakeTmp/CMakeFiles 1
Building CXX object CMakeFiles/cmTryCompileExec2591958703.dir/CMakeCXXCompilerABI.cpp.o
/scratch/stephenchen/gcc474/bin/g++     -o CMakeFiles/cmTryCompileExec2591958703.dir/CMakeCXXCompilerABI.cpp.o -c /usr/local/share/cmake-3.0/Modules/CMakeCXXCompilerABI.cpp
Linking CXX executable cmTryCompileExec2591958703
/usr/local/bin/cmake -E cmake_link_script CMakeFiles/cmTryCompileExec2591958703.dir/link.txt --verbose=1
/scratch/stephenchen/gcc474/bin/g++      -v CMakeFiles/cmTryCompileExec2591958703.dir/CMakeCXXCompilerABI.cpp.o  -o cmTryCompileExec2591958703 -rdynamic  
Using built-in specs.
COLLECT_GCC=/scratch/stephenchen/gcc474/bin/g++
COLLECT_LTO_WRAPPER=/scratch/stephenchen/gcc474/libexec/gcc/x86_64-unknown-linux-gnu/4.7.4/lto-wrapper
Target: x86_64-unknown-linux-gnu
Configured with: ../gcc-4.7.4/configure --prefix=/scratch/stephenchen/gcc474
Thread model: posix
gcc version 4.7.4 (GCC) 
COMPILER_PATH=/scratch/stephenchen/gcc474/libexec/gcc/x86_64-unknown-linux-gnu/4.7.4/:/scratch/stephenchen/gcc474/libexec/gcc/x86_64-unknown-linux-gnu/4.7.4/:/scratch/stephenchen/gcc474/libexec/gcc/x86_64-unknown-linux-gnu/:/scratch/stephenchen/gcc474/lib/gcc/x86_64-unknown-linux-gnu/4.7.4/:/scratch/stephenchen/gcc474/lib/gcc/x86_64-unknown-linux-gnu/
LIBRARY_PATH=/scratch/stephenchen/gcc474/lib/gcc/x86_64-unknown-linux-gnu/4.7.4/:/scratch/stephenchen/gcc474/lib/gcc/x86_64-unknown-linux-gnu/4.7.4/../../../../lib64/:/lib/../lib64/:/usr/lib/../lib64/:/scratch/stephenchen/gcc474/lib/gcc/x86_64-unknown-linux-gnu/4.7.4/../../../:/lib/:/usr/lib/
COLLECT_GCC_OPTIONS='-v' '-o' 'cmTryCompileExec2591958703' '-rdynamic' '-shared-libgcc' '-mtune=generic' '-march=x86-64'
 /scratch/stephenchen/gcc474/libexec/gcc/x86_64-unknown-linux-gnu/4.7.4/collect2 --eh-frame-hdr -m elf_x86_64 -export-dynamic -dynamic-linker /lib64/ld-linux-x86-64.so.2 -o cmTryCompileExec2591958703 /usr/lib/../lib64/crt1.o /usr/lib/../lib64/crti.o /scratch/stephenchen/gcc474/lib/gcc/x86_64-unknown-linux-gnu/4.7.4/crtbegin.o -L/scratch/stephenchen/gcc474/lib/gcc/x86_64-unknown-linux-gnu/4.7.4 -L/scratch/stephenchen/gcc474/lib/gcc/x86_64-unknown-linux-gnu/4.7.4/../../../../lib64 -L/lib/../lib64 -L/usr/lib/../lib64 -L/scratch/stephenchen/gcc474/lib/gcc/x86_64-unknown-linux-gnu/4.7.4/../../.. CMakeFiles/cmTryCompileExec2591958703.dir/CMakeCXXCompilerABI.cpp.o -lstdc++ -lm -lgcc_s -lgcc -lc -lgcc_s -lgcc /scratch/stephenchen/gcc474/lib/gcc/x86_64-unknown-linux-gnu/4.7.4/crtend.o /usr/lib/../lib64/crtn.o
gmake[1]: Leaving directory `/share/project/shapes/caffe-weighted-samples/CMakeFiles/CMakeTmp'


Parsed CXX implicit link information from above output:
  link line regex: [^( *|.*[/\])(ld|([^/\]+-)?ld|collect2)[^/\]*( |$)]
  ignore line: [Change Dir: /share/project/shapes/caffe-weighted-samples/CMakeFiles/CMakeTmp]
  ignore line: []
  ignore line: [Run Build Command:"/usr/bin/gmake" "cmTryCompileExec2591958703/fast"]
  ignore line: [/usr/bin/gmake -f CMakeFiles/cmTryCompileExec2591958703.dir/build.make CMakeFiles/cmTryCompileExec2591958703.dir/build]
  ignore line: [gmake[1]: Entering directory `/share/project/shapes/caffe-weighted-samples/CMakeFiles/CMakeTmp']
  ignore line: [/usr/local/bin/cmake -E cmake_progress_report /share/project/shapes/caffe-weighted-samples/CMakeFiles/CMakeTmp/CMakeFiles 1]
  ignore line: [Building CXX object CMakeFiles/cmTryCompileExec2591958703.dir/CMakeCXXCompilerABI.cpp.o]
  ignore line: [/scratch/stephenchen/gcc474/bin/g++     -o CMakeFiles/cmTryCompileExec2591958703.dir/CMakeCXXCompilerABI.cpp.o -c /usr/local/share/cmake-3.0/Modules/CMakeCXXCompilerABI.cpp]
  ignore line: [Linking CXX executable cmTryCompileExec2591958703]
  ignore line: [/usr/local/bin/cmake -E cmake_link_script CMakeFiles/cmTryCompileExec2591958703.dir/link.txt --verbose=1]
  ignore line: [/scratch/stephenchen/gcc474/bin/g++      -v CMakeFiles/cmTryCompileExec2591958703.dir/CMakeCXXCompilerABI.cpp.o  -o cmTryCompileExec2591958703 -rdynamic  ]
  ignore line: [Using built-in specs.]
  ignore line: [COLLECT_GCC=/scratch/stephenchen/gcc474/bin/g++]
  ignore line: [COLLECT_LTO_WRAPPER=/scratch/stephenchen/gcc474/libexec/gcc/x86_64-unknown-linux-gnu/4.7.4/lto-wrapper]
  ignore line: [Target: x86_64-unknown-linux-gnu]
  ignore line: [Configured with: ../gcc-4.7.4/configure --prefix=/scratch/stephenchen/gcc474]
  ignore line: [Thread model: posix]
  ignore line: [gcc version 4.7.4 (GCC) ]
  ignore line: [COMPILER_PATH=/scratch/stephenchen/gcc474/libexec/gcc/x86_64-unknown-linux-gnu/4.7.4/:/scratch/stephenchen/gcc474/libexec/gcc/x86_64-unknown-linux-gnu/4.7.4/:/scratch/stephenchen/gcc474/libexec/gcc/x86_64-unknown-linux-gnu/:/scratch/stephenchen/gcc474/lib/gcc/x86_64-unknown-linux-gnu/4.7.4/:/scratch/stephenchen/gcc474/lib/gcc/x86_64-unknown-linux-gnu/]
  ignore line: [LIBRARY_PATH=/scratch/stephenchen/gcc474/lib/gcc/x86_64-unknown-linux-gnu/4.7.4/:/scratch/stephenchen/gcc474/lib/gcc/x86_64-unknown-linux-gnu/4.7.4/../../../../lib64/:/lib/../lib64/:/usr/lib/../lib64/:/scratch/stephenchen/gcc474/lib/gcc/x86_64-unknown-linux-gnu/4.7.4/../../../:/lib/:/usr/lib/]
  ignore line: [COLLECT_GCC_OPTIONS='-v' '-o' 'cmTryCompileExec2591958703' '-rdynamic' '-shared-libgcc' '-mtune=generic' '-march=x86-64']
  link line: [ /scratch/stephenchen/gcc474/libexec/gcc/x86_64-unknown-linux-gnu/4.7.4/collect2 --eh-frame-hdr -m elf_x86_64 -export-dynamic -dynamic-linker /lib64/ld-linux-x86-64.so.2 -o cmTryCompileExec2591958703 /usr/lib/../lib64/crt1.o /usr/lib/../lib64/crti.o /scratch/stephenchen/gcc474/lib/gcc/x86_64-unknown-linux-gnu/4.7.4/crtbegin.o -L/scratch/stephenchen/gcc474/lib/gcc/x86_64-unknown-linux-gnu/4.7.4 -L/scratch/stephenchen/gcc474/lib/gcc/x86_64-unknown-linux-gnu/4.7.4/../../../../lib64 -L/lib/../lib64 -L/usr/lib/../lib64 -L/scratch/stephenchen/gcc474/lib/gcc/x86_64-unknown-linux-gnu/4.7.4/../../.. CMakeFiles/cmTryCompileExec2591958703.dir/CMakeCXXCompilerABI.cpp.o -lstdc++ -lm -lgcc_s -lgcc -lc -lgcc_s -lgcc /scratch/stephenchen/gcc474/lib/gcc/x86_64-unknown-linux-gnu/4.7.4/crtend.o /usr/lib/../lib64/crtn.o]
    arg [/scratch/stephenchen/gcc474/libexec/gcc/x86_64-unknown-linux-gnu/4.7.4/collect2] ==> ignore
    arg [--eh-frame-hdr] ==> ignore
    arg [-m] ==> ignore
    arg [elf_x86_64] ==> ignore
    arg [-export-dynamic] ==> ignore
    arg [-dynamic-linker] ==> ignore
    arg [/lib64/ld-linux-x86-64.so.2] ==> ignore
    arg [-o] ==> ignore
    arg [cmTryCompileExec2591958703] ==> ignore
    arg [/usr/lib/../lib64/crt1.o] ==> ignore
    arg [/usr/lib/../lib64/crti.o] ==> ignore
    arg [/scratch/stephenchen/gcc474/lib/gcc/x86_64-unknown-linux-gnu/4.7.4/crtbegin.o] ==> ignore
    arg [-L/scratch/stephenchen/gcc474/lib/gcc/x86_64-unknown-linux-gnu/4.7.4] ==> dir [/scratch/stephenchen/gcc474/lib/gcc/x86_64-unknown-linux-gnu/4.7.4]
    arg [-L/scratch/stephenchen/gcc474/lib/gcc/x86_64-unknown-linux-gnu/4.7.4/../../../../lib64] ==> dir [/scratch/stephenchen/gcc474/lib/gcc/x86_64-unknown-linux-gnu/4.7.4/../../../../lib64]
    arg [-L/lib/../lib64] ==> dir [/lib/../lib64]
    arg [-L/usr/lib/../lib64] ==> dir [/usr/lib/../lib64]
    arg [-L/scratch/stephenchen/gcc474/lib/gcc/x86_64-unknown-linux-gnu/4.7.4/../../..] ==> dir [/scratch/stephenchen/gcc474/lib/gcc/x86_64-unknown-linux-gnu/4.7.4/../../..]
    arg [CMakeFiles/cmTryCompileExec2591958703.dir/CMakeCXXCompilerABI.cpp.o] ==> ignore
    arg [-lstdc++] ==> lib [stdc++]
    arg [-lm] ==> lib [m]
    arg [-lgcc_s] ==> lib [gcc_s]
    arg [-lgcc] ==> lib [gcc]
    arg [-lc] ==> lib [c]
    arg [-lgcc_s] ==> lib [gcc_s]
    arg [-lgcc] ==> lib [gcc]
    arg [/scratch/stephenchen/gcc474/lib/gcc/x86_64-unknown-linux-gnu/4.7.4/crtend.o] ==> ignore
    arg [/usr/lib/../lib64/crtn.o] ==> ignore
  remove lib [gcc_s]
  remove lib [gcc]
  remove lib [gcc_s]
  remove lib [gcc]
  collapse library dir [/scratch/stephenchen/gcc474/lib/gcc/x86_64-unknown-linux-gnu/4.7.4] ==> [/scratch/stephenchen/gcc474/lib/gcc/x86_64-unknown-linux-gnu/4.7.4]
  collapse library dir [/scratch/stephenchen/gcc474/lib/gcc/x86_64-unknown-linux-gnu/4.7.4/../../../../lib64] ==> [/scratch/stephenchen/gcc474/lib64]
  collapse library dir [/lib/../lib64] ==> [/lib64]
  collapse library dir [/usr/lib/../lib64] ==> [/usr/lib64]
  collapse library dir [/scratch/stephenchen/gcc474/lib/gcc/x86_64-unknown-linux-gnu/4.7.4/../../..] ==> [/scratch/stephenchen/gcc474/lib]
  implicit libs: [stdc++;m;c]
  implicit dirs: [/scratch/stephenchen/gcc474/lib/gcc/x86_64-unknown-linux-gnu/4.7.4;/scratch/stephenchen/gcc474/lib64;/lib64;/usr/lib64;/scratch/stephenchen/gcc474/lib]
  implicit fwks: []


Determining if files pthread.h exist passed with the following output:
Change Dir: /share/project/shapes/caffe-weighted-samples/CMakeFiles/CMakeTmp

Run Build Command:"/usr/bin/gmake" "cmTryCompileExec1011219494/fast"
/usr/bin/gmake -f CMakeFiles/cmTryCompileExec1011219494.dir/build.make CMakeFiles/cmTryCompileExec1011219494.dir/build
gmake[1]: Entering directory `/share/project/shapes/caffe-weighted-samples/CMakeFiles/CMakeTmp'
/usr/local/bin/cmake -E cmake_progress_report /share/project/shapes/caffe-weighted-samples/CMakeFiles/CMakeTmp/CMakeFiles 1
Building C object CMakeFiles/cmTryCompileExec1011219494.dir/CheckIncludeFiles.c.o
/scratch/stephenchen/gcc474/bin/gcc    -o CMakeFiles/cmTryCompileExec1011219494.dir/CheckIncludeFiles.c.o   -c /share/project/shapes/caffe-weighted-samples/CMakeFiles/CMakeTmp/CheckIncludeFiles.c
Linking C executable cmTryCompileExec1011219494
/usr/local/bin/cmake -E cmake_link_script CMakeFiles/cmTryCompileExec1011219494.dir/link.txt --verbose=1
/scratch/stephenchen/gcc474/bin/gcc       CMakeFiles/cmTryCompileExec1011219494.dir/CheckIncludeFiles.c.o  -o cmTryCompileExec1011219494 -rdynamic 
gmake[1]: Leaving directory `/share/project/shapes/caffe-weighted-samples/CMakeFiles/CMakeTmp'


Determining if the function pthread_create exists in the pthread passed with the following output:
Change Dir: /share/project/shapes/caffe-weighted-samples/CMakeFiles/CMakeTmp

Run Build Command:"/usr/bin/gmake" "cmTryCompileExec3923619145/fast"
/usr/bin/gmake -f CMakeFiles/cmTryCompileExec3923619145.dir/build.make CMakeFiles/cmTryCompileExec3923619145.dir/build
gmake[1]: Entering directory `/share/project/shapes/caffe-weighted-samples/CMakeFiles/CMakeTmp'
/usr/local/bin/cmake -E cmake_progress_report /share/project/shapes/caffe-weighted-samples/CMakeFiles/CMakeTmp/CMakeFiles 1
Building C object CMakeFiles/cmTryCompileExec3923619145.dir/CheckFunctionExists.c.o
/scratch/stephenchen/gcc474/bin/gcc   -DCHECK_FUNCTION_EXISTS=pthread_create   -o CMakeFiles/cmTryCompileExec3923619145.dir/CheckFunctionExists.c.o   -c /usr/local/share/cmake-3.0/Modules/CheckFunctionExists.c
Linking C executable cmTryCompileExec3923619145
/usr/local/bin/cmake -E cmake_link_script CMakeFiles/cmTryCompileExec3923619145.dir/link.txt --verbose=1
/scratch/stephenchen/gcc474/bin/gcc   -DCHECK_FUNCTION_EXISTS=pthread_create    CMakeFiles/cmTryCompileExec3923619145.dir/CheckFunctionExists.c.o  -o cmTryCompileExec3923619145 -rdynamic -lpthread 
gmake[1]: Leaving directory `/share/project/shapes/caffe-weighted-samples/CMakeFiles/CMakeTmp'


